time="2025-02-23T18:15:33+01:00" level=info msg="Connected to NATS at nats://localhost:4222"
time="2025-02-23T18:15:33+01:00" level=info msg="Listening for file processing requests on 'process.file'..."
time="2025-02-23T18:15:45+01:00" level=info msg="Received file processing request..."
time="2025-02-23T18:15:45+01:00" level=info msg="Processing file: sample-30s (C:/Users/tenak/Documents/Dev/Uniqast/Files/Mp4/sample-30s.mp4)"
time="2025-02-23T18:15:45+01:00" level=info msg="Found Box: Type='ftyp', Size=32 bytes"
time="2025-02-23T18:15:45+01:00" level=info msg="Found Box: Type='free', Size=8 bytes"
time="2025-02-23T18:15:45+01:00" level=info msg="Found Box: Type='mdat', Size=21623477 bytes"
time="2025-02-23T18:15:45+01:00" level=info msg="Found Box: Type='moov', Size=34426 bytes"
time="2025-02-23T18:15:45+01:00" level=info msg="End of file reached."
time="2025-02-23T18:15:45+01:00" level=info msg="MP4 Box Extraction Completed!"
time="2025-02-23T18:15:45+01:00" level=info msg="Successfully extracted 'ftyp' and 'moov' boxes."
time="2025-02-23T18:15:45+01:00" level=info msg="Sent response to 'process.response' for file ID: 2"
time="2025-02-23T18:16:29+01:00" level=info msg="Received file processing request..."
time="2025-02-23T18:16:29+01:00" level=info msg="Processing file: sample-30s (C:/Users/tenak/Documents/Dev/Uniqast/Files/Mp4/sample-30s.mp4)"
time="2025-02-23T18:16:29+01:00" level=info msg="Found Box: Type='ftyp', Size=32 bytes"
time="2025-02-23T18:16:29+01:00" level=info msg="Found Box: Type='free', Size=8 bytes"
time="2025-02-23T18:16:29+01:00" level=info msg="Found Box: Type='mdat', Size=21623477 bytes"
time="2025-02-23T18:16:29+01:00" level=info msg="Found Box: Type='moov', Size=34426 bytes"
time="2025-02-23T18:16:29+01:00" level=info msg="End of file reached."
time="2025-02-23T18:16:29+01:00" level=info msg="MP4 Box Extraction Completed!"
time="2025-02-23T18:16:29+01:00" level=info msg="Successfully extracted 'ftyp' and 'moov' boxes."
time="2025-02-23T18:16:29+01:00" level=info msg="Sent response to 'process.response' for file ID: 3"
