[2025-02-23T17:12:44.636Z] INFO: API running on http://localhost:3000
[2025-02-23T17:12:47.383Z] ERROR: NATS Connection Error: getaddrinfo ENOTFOUND nats-server
[2025-02-23T17:14:48.645Z] INFO: API running on http://localhost:3000
[2025-02-23T17:14:51.387Z] ERROR: NATS Connection Error: getaddrinfo ENOTFOUND nats-server
[2025-02-23T17:14:57.457Z] INFO: API running on http://localhost:3000
[2025-02-23T17:15:00.199Z] ERROR: NATS Connection Error: getaddrinfo ENOTFOUND nats-server
[2025-02-23T17:15:27.670Z] INFO: API running on http://localhost:3000
[2025-02-23T17:15:27.743Z] INFO: Connected to NATS server
[2025-02-23T17:15:27.745Z] INFO: Listening for NATS responses on "process.response"...
[2025-02-23T17:15:45.635Z] INFO: File created in DB: ID=2, Name=sample-30s, Status=Processing
[2025-02-23T17:15:45.636Z] INFO: File record created: ID=2, Name=sample-30s, Status=Processing
[2025-02-23T17:15:45.652Z] INFO: Connected to NATS server
[2025-02-23T17:15:45.652Z] INFO: Listening for NATS responses on "process.response"...
[2025-02-23T17:15:45.654Z] INFO: Sent NATS request for File ID: 2
[2025-02-23T17:15:45.725Z] INFO: Received response for File ID: 2
[2025-02-23T17:15:45.733Z] ERROR: Error processing NATS message: Unexpected non-whitespace character after JSON at position 3 (line 1 column 4)
[2025-02-23T17:15:45.736Z] INFO: File 2 processed successfully!
[2025-02-23T17:15:45.737Z] INFO: File saved to: C:\Users\tenak\Documents\Dev\Uniqast\Files\Output\sample-30s.mp4
[2025-02-23T17:15:45.757Z] INFO: File ID=2 updated: Status=Successful
[2025-02-23T17:16:29.759Z] INFO: File created in DB: ID=3, Name=sample-30s, Status=Processing
[2025-02-23T17:16:29.759Z] INFO: File record created: ID=3, Name=sample-30s, Status=Processing
[2025-02-23T17:16:29.771Z] INFO: Connected to NATS server
[2025-02-23T17:16:29.771Z] INFO: Listening for NATS responses on "process.response"...
[2025-02-23T17:16:29.772Z] INFO: Sent NATS request for File ID: 3
[2025-02-23T17:16:29.840Z] ERROR: Error processing NATS message: Unexpected non-whitespace character after JSON at position 3 (line 1 column 4)
[2025-02-23T17:16:29.842Z] INFO: Received response for File ID: 3
[2025-02-23T17:16:29.844Z] INFO: Received response for File ID: 3
[2025-02-23T17:16:29.848Z] INFO: File 3 processed successfully!
[2025-02-23T17:16:29.850Z] INFO: File saved to: C:\Users\tenak\Documents\Dev\Uniqast\Files\Output\sample-30s.mp4
[2025-02-23T17:16:29.856Z] INFO: File 3 processed successfully!
[2025-02-23T17:16:29.858Z] INFO: File saved to: C:\Users\tenak\Documents\Dev\Uniqast\Files\Output\sample-30s.mp4
[2025-02-23T17:16:29.880Z] INFO: File ID=3 updated: Status=Successful
[2025-02-23T17:16:29.884Z] INFO: File ID=3 updated: Status=Successful
